autoscan: warning: missing AC_CHECK_FUNCS([gethostbyname]) wanted by: 
	src/cmd-utils/slp_client/slp_client.c:398
	src/kernel/lslp-kernel.c:337
autoscan: warning: missing AC_CHECK_FUNCS([gethostname]) wanted by: 
	src/kernel/lslp-kernel.c:420
autoscan: warning: missing AC_CHECK_FUNCS([gettimeofday]) wanted by: 
	src/cmd-utils/lslp-windows.h:75
	src/cmd-utils/lslp.h:81
	src/cmd-utils/lslp.h:88
	src/kernel/lslp-da-sa.c:1180
	src/kernel/lslp-da-sa.c:1268
	src/kernel/lslp-kernel.c:172
	src/kernel/lslp-kernel.c:866
	src/kernel/lslp-kernel.c:875
	src/kernel/lslp-kernel.c:889
	src/kernel/lslp-kernel.c:909
	src/kernel/lslp-kernel.c:928
	src/kernel/lslp-kernel.c:963
	src/kernel/lslp-kernel.c:1832
	src/kernel/lslp-kernel.c:2369
	src/kernel/lslp-windows.h:77
	src/kernel/lslp.h:100
	src/kernel/lslp.h:107
	src/kernel/mslp.c:193
	src/kernel/rtt.c:64
	src/kernel/rtt.c:131
	src/kernel/rtt.c:198
autoscan: warning: missing AC_CHECK_FUNCS([inet_ntoa]) wanted by: 
	src/cmd-utils/lslp-nucleus.c:73
	src/cmd-utils/lslp-nucleus.h:343
	src/cmd-utils/slp_client/slp_client.c:448
	src/cmd-utils/slp_client/slp_client.c:450
	src/cmd-utils/slp_client/slp_client.c:452
	src/cmd-utils/slp_client/slp_client.c:694
	src/cmd-utils/slp_client/slp_client.c:1911
	src/cmd-utils/slp_client/slp_client.c:2305
	src/cmd-utils/slp_client/slp_client.c:2578
	src/cmd-utils/slp_client/slp_client.c:2981
	src/cmd-utils/slp_client/slp_client.c:3404
	src/cmd-utils/slp_client/slp_client.c:3628
	src/cmd-utils/slp_query/slp_query.c:219
	src/cmd-utils/slp_srvreg/slp_srvreg.c:245
	src/kernel/lslp-kernel.c:869
	src/kernel/lslp-kernel.c:2150
	src/kernel/lslp-kernel.c:2316
	src/kernel/lslp-kernel.c:3960
	src/kernel/lslp-kernel.c:3961
	src/kernel/lslp-msg.c:204
	src/kernel/lslp-msg.c:2464
	src/kernel/lslp-msg.c:3311
	src/kernel/lslp-msg.c:3331
	src/kernel/lslp-msg.c:3336
	src/kernel/lslp-msg.c:3347
	src/kernel/lslp-msg.c:3353
	src/kernel/lslp-msg.c:3363
	src/kernel/lslp-msg.c:3369
	src/kernel/lslp-msg.c:3378
	src/kernel/lslp-msg.c:3388
	src/kernel/lslp-msg.c:3424
	src/kernel/lslp-msg.c:3437
	src/kernel/lslp-msg.c:3444
	src/kernel/lslp-msg.c:3454
	src/kernel/lslp-msg.c:3460
	src/kernel/lslp-msg.c:3489
autoscan: warning: missing AC_CHECK_FUNCS([memmove]) wanted by: 
	src/kernel/lslp-msg.c:214
autoscan: warning: missing AC_CHECK_FUNCS([memset]) wanted by: 
	src/cmd-utils/lslp-nucleus.c:80
	src/cmd-utils/slp_client/attr.l:161
	src/cmd-utils/slp_client/attr.l:162
	src/cmd-utils/slp_client/filter.l:137
	src/cmd-utils/slp_client/filter.l:138
	src/cmd-utils/slp_client/slp_client.c:455
	src/cmd-utils/slp_client/slp_client.c:471
	src/cmd-utils/slp_client/slp_client.c:967
	src/cmd-utils/slp_client/slp_client.c:1029
	src/cmd-utils/slp_client/slp_client.c:1120
	src/cmd-utils/slp_client/slp_client.c:1124
	src/cmd-utils/slp_client/slp_client.c:1259
	src/cmd-utils/slp_client/slp_client.c:1265
	src/cmd-utils/slp_client/slp_client.c:2404
	src/cmd-utils/slp_client/slp_client.c:2651
	src/cmd-utils/slp_client/slp_client.c:2771
	src/cmd-utils/slp_client/slp_client.c:2775
	src/cmd-utils/slp_client/slp_client.c:2861
	src/cmd-utils/slp_client/slp_client.c:2883
	src/cmd-utils/slp_client/slp_client.c:2962
	src/cmd-utils/slp_client/slp_client.c:3167
	src/cmd-utils/slp_client/slp_client.c:4171
	src/cmd-utils/slp_client/slp_client.c:4430
	src/cmd-utils/slp_client/slp_client.c:4524
	src/cmd-utils/slp_client/slp_client.c:4817
	src/cmd-utils/slp_client/slp_client.c:4856
	src/cmd-utils/slp_client/slp_client.c:5164
	src/cmd-utils/slp_client/url.l:207
	src/cmd-utils/slp_client/url.l:208
	src/kernel/attr.l:156
	src/kernel/attr.l:157
	src/kernel/filter.l:134
	src/kernel/filter.l:135
	src/kernel/lslp-config.c:644
	src/kernel/lslp-da-sa.c:145
	src/kernel/lslp-da-sa.c:184
	src/kernel/lslp-da-sa.c:951
	src/kernel/lslp-da-sa.c:1409
	src/kernel/lslp-kernel.c:227
	src/kernel/lslp-kernel.c:234
	src/kernel/lslp-kernel.c:427
	src/kernel/lslp-kernel.c:587
	src/kernel/lslp-kernel.c:1162
	src/kernel/lslp-kernel.c:1264
	src/kernel/lslp-kernel.c:1485
	src/kernel/lslp-kernel.c:2341
	src/kernel/lslp-kernel.c:2621
	src/kernel/lslp-kernel.c:2914
	src/kernel/lslp-kernel.c:3072
	src/kernel/lslp-kernel.c:3428
	src/kernel/lslp-kernel.c:3911
	src/kernel/lslp-kernel.c:4091
	src/kernel/lslp-msg.c:438
	src/kernel/lslp-msg.c:732
	src/kernel/lslp-msg.c:1340
	src/kernel/mslp.c:227
	src/kernel/mslp.c:256
	src/kernel/url.l:206
	src/kernel/url.l:207
	src/kernel/l_opaque.c:1418
	src/kernel/l_opaque.c:1437
	src/port/aix5/os400_qslputil.c:445
	src/port/aix5/os400_qslputil.c:446
	src/port/aix5/os400_qslputil.c:530
	src/port/aix5/os400_qslputil.c:649
autoscan: warning: missing AC_CHECK_FUNCS([mkfifo]) wanted by: 
	src/kernel/lslp-kernel.c:2586
autoscan: warning: missing AC_CHECK_FUNCS([select]) wanted by: 
	src/cmd-utils/lslp-linux.h:185
	src/cmd-utils/lslp-windows.h:173
	src/kernel/lslp-kernel.c:631
	src/kernel/lslp-kernel.c:1360
	src/kernel/lslp-kernel.c:2378
	src/kernel/lslp-kernel.c:2390
	src/kernel/lslp-kernel.c:2402
	src/kernel/lslp-kernel.c:2411
	src/kernel/lslp-kernel.c:2420
	src/kernel/lslp-msg.c:2711
	src/port/aix5/lslp-aix.h:190
autoscan: warning: missing AC_CHECK_FUNCS([socket]) wanted by: 
	src/cmd-utils/slp_client/slp_client.c:666
	src/cmd-utils/slp_client/slp_client.c:3384
	src/kernel/lslp-aix.c:333
	src/kernel/lslp-kernel.c:515
	src/kernel/lslp-kernel.c:576
	src/kernel/lslp-kernel.c:751
	src/kernel/lslp-kernel.c:1320
	src/kernel/lslp-kernel.c:2159
	src/kernel/lslp-kernel.c:2175
	src/kernel/lslp-kernel.c:2193
	src/kernel/lslp-kernel.c:2230
	src/kernel/lslp-kernel.c:2241
	src/kernel/lslp-kernel.c:2264
	src/kernel/lslp-linux.c:332
	src/kernel/lslp-msg.c:2848
	src/kernel/mslp.c:77
autoscan: warning: missing AC_CHECK_FUNCS([strcasecmp]) wanted by: 
	src/cmd-utils/slp_client/slp_client.c:4913
	src/kernel/lslp-config.c:289
	src/kernel/lslp-config.c:297
	src/kernel/lslp-config.c:299
	src/kernel/lslp-config.c:476
	src/kernel/lslp-config.c:650
	src/kernel/lslp-da-sa.c:515
	src/kernel/lslp-da-sa.c:1266
	src/kernel/lslp-da-sa.c:1303
	src/kernel/lslp-da-sa.c:1332
	src/kernel/lslp-msg.c:1637
	src/kernel/lslp-msg.c:1644
	src/kernel/lslp-msg.c:2937
autoscan: warning: missing AC_CHECK_FUNCS([strchr]) wanted by: 
	src/cmd-utils/slp_client/slp_client.c:4776
	src/kernel/lslp-msg.c:1929
autoscan: warning: missing AC_CHECK_FUNCS([strdup]) wanted by: 
	src/cmd-utils/slp_attrreq/slp_attrreq.c:88
	src/cmd-utils/slp_attrreq/slp_attrreq.c:95
	src/cmd-utils/slp_attrreq/slp_attrreq.c:102
	src/cmd-utils/slp_attrreq/slp_attrreq.c:110
	src/cmd-utils/slp_attrreq/slp_attrreq.c:123
	src/cmd-utils/slp_attrreq/slp_attrreq.c:172
	src/cmd-utils/slp_client/attr.y:121
	src/cmd-utils/slp_client/attr.y:238
	src/cmd-utils/slp_client/attr.y:252
	src/cmd-utils/slp_client/attr.y:262
	src/cmd-utils/slp_client/slp_client.c:489
	src/cmd-utils/slp_client/slp_client.c:2667
	src/cmd-utils/slp_client/slp_client.c:2791
	src/cmd-utils/slp_client/slp_client.c:3549
	src/cmd-utils/slp_client/slp_client.c:3580
	src/cmd-utils/slp_client/slp_client.c:3594
	src/cmd-utils/slp_client/slp_client.c:3740
	src/cmd-utils/slp_client/slp_client.c:3749
	src/cmd-utils/slp_client/slp_client.c:4781
	src/cmd-utils/slp_client/slp_client.c:4789
	src/cmd-utils/slp_client/slp_client.c:6023
	src/cmd-utils/slp_client/slp_client.c:6040
	src/cmd-utils/slp_client/slp_client.c:6056
	src/cmd-utils/slp_client/slp_client.c:6077
	src/cmd-utils/slp_client/slp_client.c:6103
	src/cmd-utils/slp_client/slp_client.c:6122
	src/cmd-utils/slp_client/url.y:302
	src/cmd-utils/slp_client/url.y:324
	src/cmd-utils/slp_query/slp_query.c:114
	src/cmd-utils/slp_query/slp_query.c:121
	src/cmd-utils/slp_query/slp_query.c:128
	src/cmd-utils/slp_query/slp_query.c:136
	src/cmd-utils/slp_query/slp_query.c:149
	src/cmd-utils/slp_query/slp_query.c:198
	src/cmd-utils/slp_srvreg/slp_srvreg.c:132
	src/cmd-utils/slp_srvreg/slp_srvreg.c:140
	src/cmd-utils/slp_srvreg/slp_srvreg.c:148
	src/cmd-utils/slp_srvreg/slp_srvreg.c:156
	src/cmd-utils/slp_srvreg/slp_srvreg.c:164
	src/cmd-utils/slp_srvreg/slp_srvreg.c:184
	src/cmd-utils/slp_srvreg/slp_srvreg.c:225
	src/kernel/attr.y:131
	src/kernel/attr.y:268
	src/kernel/attr.y:281
	src/kernel/filter.y:171
	src/kernel/filter.y:184
	src/kernel/lslp-config.c:345
	src/kernel/lslp-config.c:359
	src/kernel/lslp-config.c:415
	src/kernel/lslp-config.c:433
	src/kernel/lslp-config.c:595
	src/kernel/lslp-config.c:611
	src/kernel/lslp-config.c:613
	src/kernel/lslp-da-sa.c:380
	src/kernel/lslp-da-sa.c:397
	src/kernel/lslp-da-sa.c:399
	src/kernel/lslp-da-sa.c:403
	src/kernel/lslp-da-sa.c:406
	src/kernel/lslp-kernel.c:418
	src/kernel/lslp-kernel.c:421
	src/kernel/lslp-kernel.c:3163
	src/kernel/lslp-kernel.c:3177
	src/kernel/lslp-kernel.c:3187
	src/kernel/lslp-kernel.c:3960
	src/kernel/lslp-kernel.c:3961
	src/kernel/lslp-msg.c:369
	src/kernel/lslp-msg.c:372
	src/kernel/lslp-msg.c:441
	src/kernel/lslp-msg.c:1571
	src/kernel/lslp-msg.c:1934
	src/kernel/lslp-msg.c:1942
	src/kernel/lslp-windows.c:104
	src/kernel/mslp.c:377
	src/kernel/url.tab.c:1216
	src/kernel/url.y:308
	src/kernel/url.y:330
autoscan: warning: missing AC_CHECK_FUNCS([strerror]) wanted by: 
	src/port/aix5/os400_qslputil.c:554
autoscan: warning: missing AC_CHECK_FUNCS([strncasecmp]) wanted by: 
	src/cmd-utils/slp_client/slp_client.c:5657
	src/kernel/lslp-msg.c:560
	src/kernel/lslp-msg.c:838
autoscan: warning: missing AC_CHECK_FUNCS([strstr]) wanted by: 
	src/cmd-utils/slp_client/slp_client.c:790
	src/cmd-utils/slp_client/slp_client.c:791
	src/kernel/lslp-config.c:390
	src/kernel/lslp-config.c:390
	src/kernel/lslp-da-sa.c:400
	src/kernel/lslp-kernel.c:2583
	src/kernel/lslp-msg.c:2012
	src/kernel/lslp-msg.c:2019
autoscan: warning: missing AC_CHECK_FUNCS([strtol]) wanted by: 
	src/cmd-utils/slp_attrreq/slp_attrreq.c:116
	src/cmd-utils/slp_attrreq/slp_attrreq.c:132
	src/cmd-utils/slp_client/attr.l:122
	src/cmd-utils/slp_client/filter.l:97
	src/cmd-utils/slp_query/slp_query.c:156
	src/cmd-utils/slp_srvreg/slp_srvreg.c:193
	src/kernel/attr.l:115
	src/kernel/filter.l:94
	src/kernel/lslp-config.c:459
	src/kernel/lslp-config.c:492
autoscan: warning: missing AC_CHECK_FUNCS([strtoul]) wanted by: 
	src/cmd-utils/slp_attrreq/slp_attrreq.c:137
	src/cmd-utils/slp_client/attr.l:125
	src/cmd-utils/slp_client/filter.l:103
	src/cmd-utils/slp_client/slp_client.c:524
	src/cmd-utils/slp_query/slp_query.c:142
	src/cmd-utils/slp_query/slp_query.c:163
	src/cmd-utils/slp_srvreg/slp_srvreg.c:170
	src/cmd-utils/slp_srvreg/slp_srvreg.c:176
	src/kernel/attr.l:118
	src/kernel/filter.l:100
	src/kernel/lslp-config.c:303
	src/kernel/lslp-msg.c:2015
	src/kernel/opaque.l:52
	src/kernel/l_opaque.c:727
autoscan: warning: missing AC_CHECK_HEADERS([arpa/inet.h]) wanted by: 
	src/cmd-utils/lslp-linux.h:41
	src/kernel/lslp-aix.h:54
	src/kernel/lslp-linux.h:52
	src/port/aix5/lslp-aix.h:46
autoscan: warning: missing AC_CHECK_HEADERS([fcntl.h]) wanted by: 
	src/cmd-utils/slp_srvreg/slp_srvreg.c:52
	src/kernel/lslp-aix.h:42
	src/kernel/lslp-linux.h:39
	src/port/aix5/os400_qslputil.c:94
autoscan: warning: missing AC_CHECK_HEADERS([limits.h]) wanted by: 
	src/cmd-utils/lslp-linux.c:29
	src/kernel/lslp-aix.c:48
	src/kernel/lslp-linux.c:52
	src/port/aix5/lslp-aix.c:29
autoscan: warning: missing AC_CHECK_HEADERS([netdb.h]) wanted by: 
	src/cmd-utils/lslp-linux.h:44
	src/cmd-utils/slp_client/slp_client.c:47
	src/cmd-utils/slp_client/slp_client.h:38
	src/kernel/lslp-aix.h:56
	src/kernel/lslp-kernel.c:43
	src/kernel/lslp-linux.h:54
	src/port/aix5/lslp-aix.h:49
autoscan: warning: missing AC_CHECK_HEADERS([netinet/in.h]) wanted by: 
	src/cmd-utils/lslp-linux.h:40
	src/kernel/lslp-aix.h:52
	src/kernel/lslp-linux.h:50
	src/port/aix5/lslp-aix.h:45
autoscan: warning: missing AC_CHECK_HEADERS([stddef.h]) wanted by: 
	src/kernel/url.tab.c:424
autoscan: warning: missing AC_CHECK_HEADERS([sys/ioctl.h]) wanted by: 
	src/cmd-utils/lslp-linux.h:42
	src/kernel/lslp-aix.h:49
	src/kernel/lslp-linux.h:47
	src/port/aix5/lslp-aix.h:47
autoscan: warning: missing AC_CHECK_HEADERS([sys/param.h]) wanted by: 
	src/kernel/rtt.h:47
autoscan: warning: missing AC_CHECK_HEADERS([sys/socket.h]) wanted by: 
	src/cmd-utils/lslp-linux.h:43
	src/kernel/lslp-aix.h:50
	src/kernel/lslp-linux.h:48
	src/port/aix5/lslp-aix.h:48
autoscan: warning: missing AC_CHECK_HEADERS([sys/time.h]) wanted by: 
	src/cmd-utils/lslp-linux.c:32
	src/cmd-utils/lslp-linux.h:37
	src/kernel/lslp-aix.c:51
	src/kernel/lslp-aix.h:45
	src/kernel/lslp-linux.c:55
	src/kernel/lslp-linux.h:42
	src/kernel/rtt.h:41
	src/port/aix5/lslp-aix.c:32
	src/port/aix5/lslp-aix.h:42
autoscan: warning: missing AC_CHECK_HEADERS([sys/timeb.h]) wanted by: 
	src/cmd-utils/lslp-windows.h:46
	src/kernel/lslp-windows.h:44
autoscan: warning: missing AC_CHECK_HEADERS([syslog.h]) wanted by: 
	src/kernel/lslp-aix.h:62
	src/kernel/lslp-linux.h:60
autoscan: warning: missing AC_CHECK_MEMBERS([struct stat.st_blksize]) wanted by: 
	src/port/aix5/as400_types.h:260
autoscan: warning: missing AC_CHECK_MEMBERS([struct stat.st_rdev]) wanted by: 
	src/port/aix5/as400_types.h:267
autoscan: warning: missing AC_C_CONST wanted by: 
	src/cmd-utils/lslp-linux.h:167
	src/cmd-utils/lslp-linux.h:168
	src/cmd-utils/lslp-linux.h:176
	src/cmd-utils/lslp-nucleus.c:32
	src/cmd-utils/lslp-nucleus.c:41
	src/cmd-utils/lslp-nucleus.h:160
	src/cmd-utils/lslp-nucleus.h:161
	src/cmd-utils/lslp-nucleus.h:162
	src/cmd-utils/lslp-nucleus.h:163
	src/cmd-utils/lslp-nucleus.h:239
	src/cmd-utils/lslp-nucleus.h:241
	src/cmd-utils/lslp-windows.h:156
	src/cmd-utils/lslp-windows.h:157
	src/cmd-utils/lslp-windows.h:167
	src/cmd-utils/lslp-windows.h:174
	src/cmd-utils/slp_client/slp_client.c:60
	src/cmd-utils/slp_client/slp_client.c:122
	src/cmd-utils/slp_client/slp_client.c:174
	src/cmd-utils/slp_client/slp_client.c:230
	src/cmd-utils/slp_client/slp_client.c:386
	src/cmd-utils/slp_client/slp_client.c:413
	src/cmd-utils/slp_client/slp_client.c:438
	src/cmd-utils/slp_client/slp_client.c:462
	src/cmd-utils/slp_client/slp_client.c:479
	src/cmd-utils/slp_client/slp_client.c:732
	src/cmd-utils/slp_client/slp_client.c:766
	src/cmd-utils/slp_client/slp_client.c:777
	src/cmd-utils/slp_client/slp_client.c:790
	src/cmd-utils/slp_client/slp_client.c:790
	src/cmd-utils/slp_client/slp_client.c:829
	src/cmd-utils/slp_client/slp_client.c:914
	src/cmd-utils/slp_client/slp_client.c:983
	src/cmd-utils/slp_client/slp_client.c:1000
	src/cmd-utils/slp_client/slp_client.c:1001
	src/cmd-utils/slp_client/slp_client.c:1002
	src/cmd-utils/slp_client/slp_client.c:1112
	src/cmd-utils/slp_client/slp_client.c:1113
	src/cmd-utils/slp_client/slp_client.c:1114
	src/cmd-utils/slp_client/slp_client.c:1243
	src/cmd-utils/slp_client/slp_client.c:1244
	src/cmd-utils/slp_client/slp_client.c:1245
	src/cmd-utils/slp_client/slp_client.c:1249
	src/cmd-utils/slp_client/slp_client.c:1368
	src/cmd-utils/slp_client/slp_client.c:1369
	src/cmd-utils/slp_client/slp_client.c:1387
	src/cmd-utils/slp_client/slp_client.c:1388
	src/cmd-utils/slp_client/slp_client.c:1389
	src/cmd-utils/slp_client/slp_client.c:1423
	src/cmd-utils/slp_client/slp_client.c:1424
	src/cmd-utils/slp_client/slp_client.c:1425
	src/cmd-utils/slp_client/slp_client.c:1481
	src/cmd-utils/slp_client/slp_client.c:1482
	src/cmd-utils/slp_client/slp_client.c:1483
	src/cmd-utils/slp_client/slp_client.c:1523
	src/cmd-utils/slp_client/slp_client.c:1524
	src/cmd-utils/slp_client/slp_client.c:1525
	src/cmd-utils/slp_client/slp_client.c:1562
	src/cmd-utils/slp_client/slp_client.c:1563
	src/cmd-utils/slp_client/slp_client.c:1564
	src/cmd-utils/slp_client/slp_client.c:1588
	src/cmd-utils/slp_client/slp_client.c:1589
	src/cmd-utils/slp_client/slp_client.c:1590
	src/cmd-utils/slp_client/slp_client.c:1618
	src/cmd-utils/slp_client/slp_client.c:1619
	src/cmd-utils/slp_client/slp_client.c:1620
	src/cmd-utils/slp_client/slp_client.c:1680
	src/cmd-utils/slp_client/slp_client.c:1681
	src/cmd-utils/slp_client/slp_client.c:1682
	src/cmd-utils/slp_client/slp_client.c:1722
	src/cmd-utils/slp_client/slp_client.c:1723
	src/cmd-utils/slp_client/slp_client.c:1724
	src/cmd-utils/slp_client/slp_client.c:1760
	src/cmd-utils/slp_client/slp_client.c:1761
	src/cmd-utils/slp_client/slp_client.c:1762
	src/cmd-utils/slp_client/slp_client.c:2165
	src/cmd-utils/slp_client/slp_client.c:2165
	src/cmd-utils/slp_client/slp_client.c:2565
	src/cmd-utils/slp_client/slp_client.c:2612
	src/cmd-utils/slp_client/slp_client.c:2613
	src/cmd-utils/slp_client/slp_client.c:2614
	src/cmd-utils/slp_client/slp_client.c:2615
	src/cmd-utils/slp_client/slp_client.c:2757
	src/cmd-utils/slp_client/slp_client.c:2758
	src/cmd-utils/slp_client/slp_client.c:2759
	src/cmd-utils/slp_client/slp_client.c:2760
	src/cmd-utils/slp_client/slp_client.c:2942
	src/cmd-utils/slp_client/slp_client.c:2955
	src/cmd-utils/slp_client/slp_client.c:2964
	src/cmd-utils/slp_client/slp_client.c:3095
	src/cmd-utils/slp_client/slp_client.c:3097
	src/cmd-utils/slp_client/slp_client.c:3257
	src/cmd-utils/slp_client/slp_client.c:3438
	src/cmd-utils/slp_client/slp_client.c:3439
	src/cmd-utils/slp_client/slp_client.c:3440
	src/cmd-utils/slp_client/slp_client.c:3441
	src/cmd-utils/slp_client/slp_client.c:3488
	src/cmd-utils/slp_client/slp_client.c:3489
	src/cmd-utils/slp_client/slp_client.c:3490
	src/cmd-utils/slp_client/slp_client.c:3491
	src/cmd-utils/slp_client/slp_client.c:3535
	src/cmd-utils/slp_client/slp_client.c:3536
	src/cmd-utils/slp_client/slp_client.c:3537
	src/cmd-utils/slp_client/slp_client.c:3538
	src/cmd-utils/slp_client/slp_client.c:3641
	src/cmd-utils/slp_client/slp_client.c:3642
	src/cmd-utils/slp_client/slp_client.c:3644
	src/cmd-utils/slp_client/slp_client.c:3645
	src/cmd-utils/slp_client/slp_client.c:4145
	src/cmd-utils/slp_client/slp_client.c:4643
	src/cmd-utils/slp_client/slp_client.c:4643
	src/cmd-utils/slp_client/slp_client.c:4686
	src/cmd-utils/slp_client/slp_client.c:4970
	src/cmd-utils/slp_client/slp_client.c:5736
	src/cmd-utils/slp_client/slp_client.c:5736
	src/cmd-utils/slp_client/slp_client.h:644
	src/cmd-utils/slp_client/slp_client.h:645
	src/cmd-utils/slp_client/slp_client.h:647
	src/cmd-utils/slp_client/slp_client.h:648
	src/cmd-utils/slp_client/slp_client.h:649
	src/cmd-utils/slp_client/slp_client.h:651
	src/cmd-utils/slp_client/slp_client.h:652
	src/cmd-utils/slp_client/slp_client.h:653
	src/cmd-utils/slp_client/slp_client.h:655
	src/cmd-utils/slp_client/slp_client.h:656
	src/cmd-utils/slp_client/slp_client.h:657
	src/cmd-utils/slp_client/slp_client.h:660
	src/cmd-utils/slp_client/slp_client.h:661
	src/cmd-utils/slp_client/slp_client.h:662
	src/cmd-utils/slp_client/slp_client.h:664
	src/cmd-utils/slp_client/slp_client.h:665
	src/cmd-utils/slp_client/slp_client.h:666
	src/cmd-utils/slp_client/slp_client.h:671
	src/cmd-utils/slp_client/slp_client.h:672
	src/cmd-utils/slp_client/slp_client.h:673
	src/cmd-utils/slp_client/slp_client.h:676
	src/cmd-utils/slp_client/slp_client.h:677
	src/cmd-utils/slp_client/slp_client.h:678
	src/cmd-utils/slp_client/slp_client.h:682
	src/cmd-utils/slp_client/slp_client.h:683
	src/cmd-utils/slp_client/slp_client.h:684
	src/cmd-utils/slp_client/slp_client.h:687
	src/cmd-utils/slp_client/slp_client.h:688
	src/cmd-utils/slp_client/slp_client.h:689
	src/cmd-utils/slp_client/slp_client.h:696
	src/cmd-utils/slp_client/slp_client.h:697
	src/cmd-utils/slp_client/slp_client.h:698
	src/cmd-utils/slp_client/slp_client.h:699
	src/cmd-utils/slp_client/slp_client.h:702
	src/cmd-utils/slp_client/slp_client.h:703
	src/cmd-utils/slp_client/slp_client.h:704
	src/cmd-utils/slp_client/slp_client.h:705
	src/cmd-utils/slp_client/slp_client.h:708
	src/cmd-utils/slp_client/slp_client.h:709
	src/cmd-utils/slp_client/slp_client.h:710
	src/cmd-utils/slp_client/slp_client.h:711
	src/cmd-utils/slp_client/slp_client.h:719
	src/cmd-utils/slp_client/slp_client.h:720
	src/cmd-utils/slp_client/slp_client.h:721
	src/cmd-utils/slp_client/slp_client.h:722
	src/cmd-utils/slp_client/slp_client.h:726
	src/cmd-utils/slp_client/slp_client.h:727
	src/cmd-utils/slp_client/slp_client.h:728
	src/cmd-utils/slp_client/slp_client.h:734
	src/cmd-utils/slp_client/slp_client.h:737
	src/cmd-utils/slp_client/slp_client.h:738
	src/cmd-utils/slp_client/slp_client.h:739
	src/cmd-utils/slp_client/slp_client.h:767
	src/cmd-utils/slp_client/slp_client.h:772
	src/cmd-utils/slp_client/slp_client.h:777
	src/cmd-utils/slp_client/slp_client.h:782
	src/cmd-utils/slp_client/slp_client.h:788
	src/cmd-utils/slp_client/slp_client.h:799
	src/cmd-utils/slp_client/slp_client.h:806
	src/cmd-utils/slp_client/slp_client.h:807
	src/cmd-utils/slp_client/slp_client.h:808
	src/cmd-utils/slp_client/slp_client.h:814
	src/cmd-utils/slp_client/slp_client.h:817
	src/cmd-utils/slp_client/slp_client.h:818
	src/cmd-utils/slp_client/slp_client.h:819
	src/cmd-utils/slp_client/slp_client.h:822
	src/cmd-utils/slp_client/slp_client.h:823
	src/cmd-utils/slp_client/slp_client.h:825
	src/cmd-utils/slp_client/slp_client.h:826
	src/cmd-utils/slp_client/slp_client.h:827
	src/cmd-utils/slp_client/slp_client.h:830
	src/cmd-utils/slp_client/slp_client.h:831
	src/cmd-utils/slp_client/slp_client.h:832
	src/cmd-utils/slp_client/slp_client.h:834
	src/cmd-utils/slp_client/slp_client.h:835
	src/cmd-utils/slp_client/slp_client.h:836
	src/cmd-utils/slp_client/slp_client.h:839
	src/cmd-utils/slp_client/slp_client.h:840
	src/cmd-utils/slp_client/slp_client.h:841
	src/cmd-utils/slp_client/slp_client.h:843
	src/cmd-utils/slp_client/slp_client.h:844
	src/cmd-utils/slp_client/slp_client.h:845
	src/cmd-utils/slp_client/slp_client.h:852
	src/cmd-utils/slp_client/slp_client.h:853
	src/cmd-utils/slp_client/slp_client.h:854
	src/cmd-utils/slp_client/slp_client.h:857
	src/cmd-utils/slp_client/slp_client.h:858
	src/cmd-utils/slp_client/slp_client.h:859
	src/cmd-utils/slp_client/slp_client.h:863
	src/cmd-utils/slp_client/slp_client.h:864
	src/cmd-utils/slp_client/slp_client.h:865
	src/cmd-utils/slp_client/slp_client.h:867
	src/cmd-utils/slp_client/slp_client.h:868
	src/cmd-utils/slp_client/slp_client.h:869
	src/cmd-utils/slp_client/slp_client.h:890
	src/cmd-utils/slp_client/slp_client.h:891
	src/cmd-utils/slp_client/slp_client.h:892
	src/cmd-utils/slp_client/slp_client.h:893
	src/cmd-utils/slp_client/slp_client.h:897
	src/cmd-utils/slp_client/slp_client.h:898
	src/cmd-utils/slp_client/slp_client.h:899
	src/cmd-utils/slp_client/slp_client.h:900
	src/cmd-utils/slp_client/slp_client.h:923
	src/cmd-utils/slp_client/slp_client.h:924
	src/cmd-utils/slp_client/slp_client.h:925
	src/cmd-utils/slp_client/slp_client.h:926
	src/cmd-utils/slp_client/slp_client.h:930
	src/cmd-utils/slp_client/slp_client.h:931
	src/cmd-utils/slp_client/slp_client.h:932
	src/cmd-utils/slp_client/slp_client.h:933
	src/cmd-utils/slp_client/slp_client.h:936
	src/cmd-utils/slp_client/slp_client.h:937
	src/cmd-utils/slp_client/slp_client.h:938
	src/cmd-utils/slp_client/slp_client.h:939
	src/cmd-utils/slp_client/slp_client.h:954
	src/cmd-utils/slp_client/slp_client.h:955
	src/cmd-utils/slp_client/slp_client.h:956
	src/cmd-utils/slp_client/slp_client.h:960
	src/cmd-utils/slp_client/slp_client.h:961
	src/cmd-utils/slp_client/slp_client.h:962
	src/cmd-utils/slp_client/slp_client.h:1011
	src/cmd-utils/slp_client/slp_client.h:1011
	src/cmd-utils/slp_client/slp_client.h:1012
	src/cmd-utils/slp_client/slp_client.h:1088
	src/cmd-utils/slp_client/slp_client.h:1088
	src/cmd-utils/slp_client/slp_client.h:1089
	src/cmd-utils/slp_client/slp_client.h:1090
	src/cmd-utils/slp_client/slp_client.h:1092
	src/cmd-utils/slp_client/slp_client.h:1093
	src/kernel/lslp-aix.h:189
	src/kernel/lslp-config.c:287
	src/kernel/lslp-config.c:342
	src/kernel/lslp-config.c:356
	src/kernel/lslp-config.c:371
	src/kernel/lslp-config.c:388
	src/kernel/lslp-config.c:412
	src/kernel/lslp-config.c:429
	src/kernel/lslp-config.c:454
	src/kernel/lslp-config.c:470
	src/kernel/lslp-config.c:486
	src/kernel/lslp-config.c:592
	src/kernel/lslp-config.c:636
	src/kernel/lslp-kernel.c:325
	src/kernel/lslp-kernel.c:504
	src/kernel/lslp-kernel.c:517
	src/kernel/lslp-kernel.c:523
	src/kernel/lslp-kernel.c:579
	src/kernel/lslp-kernel.c:589
	src/kernel/lslp-kernel.c:685
	src/kernel/lslp-kernel.c:758
	src/kernel/lslp-kernel.c:774
	src/kernel/lslp-kernel.c:1321
	src/kernel/lslp-kernel.c:1492
	src/kernel/lslp-kernel.c:1494
	src/kernel/lslp-kernel.c:2052
	src/kernel/lslp-kernel.c:2061
	src/kernel/lslp-kernel.c:2700
	src/kernel/lslp-kernel.c:2702
	src/kernel/lslp-kernel.c:3554
	src/kernel/lslp-kernel.c:3554
	src/kernel/lslp-kernel.c:3601
	src/kernel/lslp-kernel.h:455
	src/kernel/lslp-kernel.h:455
	src/kernel/lslp-kernel.h:456
	src/kernel/lslp-msg.c:1782
	src/kernel/lslp-msg.c:1782
	src/kernel/lslp-msg.c:1969
	src/kernel/lslp-msg.c:3318
	src/kernel/lslp-msg.h:159
	src/kernel/lslp-msg.h:159
	src/kernel/lslp-msg.h:162
	src/kernel/lslp-windows.h:78
	src/kernel/url.tab.c:124
	src/kernel/url.tab.c:156
	src/kernel/url.tab.c:163
	src/kernel/url.tab.c:181
	src/kernel/url.tab.c:194
	src/kernel/url.tab.c:194
	src/kernel/url.tab.c:205
	src/kernel/url.tab.c:214
	src/kernel/url.tab.c:225
	src/kernel/url.tab.c:235
	src/kernel/url.tab.c:241
	src/kernel/url.tab.c:251
	src/kernel/url.tab.c:261
	src/kernel/url.tab.c:270
	src/kernel/url.tab.c:549
	src/kernel/url.tab.c:552
	src/kernel/url.tab.c:555
	src/kernel/url.tab.c:573
	src/kernel/url.tab.c:577
	src/kernel/url.tab.c:581
	src/kernel/url.tab.c:1544
	src/kernel/vsubcall.h:65
	src/kernel/vsubcall.h:66
	src/kernel/vsubcall.h:77
	src/kernel/vsubcall.h:78
	src/kernel/vsubcall.h:108
	src/kernel/vsubcall.h:109
	src/kernel/vsubcall.h:118
	src/kernel/vsubcall.h:119
	src/kernel/vsubcall.h:125
	src/port/aix5/as400_protos.h:108
	src/port/aix5/as400_protos.h:115
	src/port/aix5/as400_protos.h:118
	src/port/aix5/as400_protos.h:132
	src/port/aix5/as400_protos.h:135
	src/port/aix5/as400_protos.h:150
	src/port/aix5/as400_protos.h:154
	src/port/aix5/as400_protos.h:155
	src/port/aix5/as400_protos.h:164
	src/port/aix5/as400_protos.h:167
	src/port/aix5/as400_protos.h:168
	src/port/aix5/as400_protos.h:178
	src/port/aix5/as400_protos.h:184
	src/port/aix5/as400_protos.h:185
	src/port/aix5/as400_protos.h:193
	src/port/aix5/as400_protos.h:212
	src/port/aix5/as400_protos.h:218
	src/port/aix5/as400_protos.h:221
	src/port/aix5/as400_protos.h:223
	src/port/aix5/as400_protos.h:228
	src/port/aix5/as400_protos.h:234
	src/port/aix5/as400_protos.h:237
	src/port/aix5/as400_protos.h:239
	src/port/aix5/as400_protos.h:250
	src/port/aix5/as400_protos.h:255
	src/port/aix5/as400_protos.h:256
	src/port/aix5/as400_protos.h:270
	src/port/aix5/as400_protos.h:289
	src/port/aix5/as400_protos.h:289
	src/port/aix5/as400_protos.h:290
	src/port/aix5/as400_protos.h:297
	src/port/aix5/as400_protos.h:300
	src/port/aix5/lslp-aix.h:172
	src/port/aix5/lslp-aix.h:173
	src/port/aix5/lslp-aix.h:181
	src/port/aix5/os400_qslputil.c:289
	src/port/aix5/os400_qslputil.c:299
	src/port/aix5/os400_qslputil.c:519
	src/port/aix5/os400_qslputil.h:151
	src/port/aix5/os400_qslputil.h:219
	src/port/aix5/os400_qslputil.h:389
	src/port/aix5/os400msg.h:80
	src/port/aix5/os400msg.h:81
	src/port/aix5/os400msg.h:82
	src/port/aix5/os400msg.h:84
	src/port/aix5/os400msg.h:85
	src/port/aix5/os400msg.h:87
	src/port/aix5/os400msg.h:92
	src/port/aix5/os400msg.h:93
	src/port/aix5/os400msg.h:94
	src/port/aix5/os400msg.h:96
	src/port/aix5/os400msg.h:97
	src/port/aix5/os400msg.h:99
	src/port/aix5/os400msg.h:108
	src/port/aix5/os400msg.h:109
	src/port/aix5/os400msg.h:110
	src/port/aix5/os400msg.h:112
	src/port/aix5/os400msg.h:113
	src/port/aix5/os400msg.h:119
	src/port/aix5/os400msg.h:120
	src/port/aix5/os400msg.h:121
	src/port/aix5/os400msg.h:123
	src/port/aix5/os400msg.h:124
	src/port/aix5/os400msg.h:129
	src/port/aix5/os400msg.h:133
	src/port/aix5/os400msg.h:134
	src/port/aix5/os400msg.h:135
	src/port/aix5/os400msg.h:137
	src/port/aix5/os400msg.h:138
	src/port/aix5/os400msg.h:143
	src/port/aix5/os400msg.h:145
	src/port/aix5/os400msg.h:154
	src/port/aix5/os400msg.h:155
	src/port/aix5/os400msg.h:156
	src/port/aix5/os400msg.h:159
	src/port/aix5/os400msg.h:165
	src/port/aix5/os400msg.h:166
	src/port/aix5/os400msg.h:167
	src/port/aix5/os400msg.h:170
	src/port/aix5/os400msg.h:180
	src/port/aix5/os400msg.h:181
	src/port/aix5/os400msg.h:183
	src/port/aix5/os400msg.h:186
	src/port/aix5/os400msg.h:191
	src/port/aix5/os400msg.h:192
	src/port/aix5/os400msg.h:194
	src/port/aix5/os400msg.h:197
	src/port/aix5/os400msg.h:200
	src/port/aix5/os400msg.h:204
	src/port/aix5/os400msg.h:205
	src/port/aix5/os400msg.h:207
	src/port/aix5/os400msg.h:210
	src/port/aix5/os400msg.h:213
	src/port/aix5/os400msg.h:214
autoscan: warning: missing AC_C_VOLATILE wanted by: 
	src/kernel/lslp-aix.c:62
	src/kernel/lslp-kernel.c:103
	src/kernel/lslp-linux.c:63
	src/kernel/lslp-msg.c:166
autoscan: warning: missing AC_FUNC_FORK wanted by: 
	src/cmd-utils/slp_srvreg/slp_srvreg.c:60
autoscan: warning: missing AC_FUNC_MALLOC wanted by: 
	src/cmd-utils/slp_client/attr.y:215
	src/cmd-utils/slp_client/slp_client.c:518
	src/cmd-utils/slp_client/slp_client.c:546
	src/cmd-utils/slp_client/slp_client.c:622
	src/cmd-utils/slp_client/slp_client.c:645
	src/cmd-utils/slp_client/slp_client.c:661
	src/cmd-utils/slp_client/slp_client.c:708
	src/cmd-utils/slp_client/slp_client.c:2005
	src/cmd-utils/slp_client/slp_client.c:2015
	src/cmd-utils/slp_client/slp_client.c:2025
	src/cmd-utils/slp_client/slp_client.c:2187
	src/cmd-utils/slp_client/slp_client.c:2254
	src/cmd-utils/slp_client/slp_client.c:2263
	src/cmd-utils/slp_client/slp_client.c:2273
	src/cmd-utils/slp_client/slp_client.c:2285
	src/cmd-utils/slp_client/slp_client.c:2356
	src/cmd-utils/slp_client/slp_client.c:2380
	src/cmd-utils/slp_client/slp_client.c:3891
	src/cmd-utils/slp_client/slp_client.c:3940
	src/cmd-utils/slp_client/slp_client.c:4770
	src/kernel/lslp-da-sa.c:679
	src/kernel/lslp-kernel.c:414
	src/kernel/lslp-kernel.c:2471
	src/kernel/lslp-kernel.c:2520
	src/kernel/lslp-msg.c:1207
	src/kernel/lslp-msg.c:1212
	src/kernel/lslp-msg.c:1216
	src/kernel/lslp-msg.c:1923
	src/kernel/lslp-msg.c:2543
	src/kernel/lslp-msg.c:2577
	src/kernel/lslp-msg.c:2908
	src/kernel/lslp-windows.c:94
	src/kernel/l_opaque.c:1679
autoscan: warning: missing AC_FUNC_MEMCMP wanted by: 
	src/cmd-utils/slp_client/slp_client.c:4654
	src/cmd-utils/slp_client/slp_client.c:6243
	src/kernel/lslp-kernel.c:3565
	src/port/aix5/os400_qslputil.c:316
	src/port/aix5/os400_qslputil.c:318
	src/port/aix5/os400_qslputil.c:320
	src/port/aix5/os400_qslputil.c:322
	src/port/aix5/os400_qslputil.c:324
	src/port/aix5/os400_qslputil.c:326
	src/port/aix5/os400_qslputil.c:436
	src/port/aix5/pase_noop.c:95
autoscan: warning: missing AC_FUNC_REALLOC wanted by: 
	src/cmd-utils/slp_client/slp_client.c:341
	src/cmd-utils/slp_client/slp_client.c:565
	src/cmd-utils/slp_client/slp_client.c:1023
	src/cmd-utils/slp_client/slp_client.c:2644
	src/cmd-utils/slp_client/slp_client.c:3109
	src/cmd-utils/slp_client/slp_client.c:3187
	src/kernel/lslp-kernel.c:434
	src/kernel/lslp-msg.c:744
	src/kernel/lslp-msg.c:851
	src/kernel/lslp-msg.c:915
	src/kernel/lslp-msg.c:971
	src/kernel/lslp-msg.c:2553
	src/kernel/l_opaque.c:1691
autoscan: warning: missing AC_FUNC_SELECT_ARGTYPES wanted by: 
	src/cmd-utils/lslp-linux.h:185
	src/cmd-utils/lslp-windows.h:173
	src/kernel/lslp-kernel.c:631
	src/kernel/lslp-kernel.c:1360
	src/kernel/lslp-kernel.c:2378
	src/kernel/lslp-kernel.c:2390
	src/kernel/lslp-kernel.c:2402
	src/kernel/lslp-kernel.c:2411
	src/kernel/lslp-kernel.c:2420
	src/kernel/lslp-msg.c:2711
	src/port/aix5/lslp-aix.h:190
autoscan: warning: missing AC_FUNC_VPRINTF wanted by: 
	src/kernel/lslp-kernel.c:3917
	src/kernel/lslp-kernel.c:3923
	src/kernel/lslp-kernel.c:4066
	src/kernel/lslp-kernel.c:4071
autoscan: warning: missing AC_HEADER_STDBOOL wanted by: 
	src/kernel/attr.y:287
	src/kernel/attr.y:368
autoscan: warning: missing AC_HEADER_TIME wanted by: 
	src/cmd-utils/lslp-linux.h:185
	src/cmd-utils/lslp-nucleus.h:284
	src/cmd-utils/lslp-nucleus.h:291
	src/cmd-utils/lslp-windows.h:75
	src/cmd-utils/lslp-windows.h:174
	src/cmd-utils/slp_client/slp_client.c:868
	src/cmd-utils/slp_client/slp_client.c:1489
	src/cmd-utils/slp_client/slp_client.c:1530
	src/cmd-utils/slp_client/slp_client.c:1688
	src/cmd-utils/slp_client/slp_client.c:1728
	src/cmd-utils/slp_client/slp_client.c:2907
	src/cmd-utils/slp_client/slp_client.c:3044
	src/cmd-utils/slp_client/slp_client.c:3149
	src/cmd-utils/slp_client/slp_client.c:3246
	src/cmd-utils/slp_client/slp_client.h:626
	src/kernel/lslp-da-sa.h:112
	src/kernel/lslp-kernel.c:122
	src/kernel/lslp-kernel.c:628
	src/kernel/lslp-kernel.c:863
	src/kernel/lslp-kernel.c:888
	src/kernel/lslp-kernel.c:1355
	src/kernel/lslp-kernel.c:1589
	src/kernel/lslp-kernel.c:1829
	src/kernel/lslp-kernel.c:2327
	src/kernel/lslp-kernel.c:2338
	src/kernel/lslp-kernel.h:70
	src/kernel/lslp-kernel.h:71
	src/kernel/lslp-kernel.h:179
	src/kernel/lslp-kernel.h:373
	src/kernel/lslp-msg.c:51
	src/kernel/lslp-msg.c:2707
	src/kernel/lslp-windows.h:77
	src/kernel/mslp.c:190
	src/kernel/rtt.c:64
	src/kernel/rtt.h:88
	src/kernel/rtt.h:89
	src/port/aix5/lslp-aix.h:190
autoscan: warning: missing AC_PROG_CXX wanted by: 
	src/Makefile.in:21
	src/cmd-utils/Makefile.in:21
	src/cmd-utils/slp_attrreq/Makefile.in:21
	src/cmd-utils/slp_client/Makefile.in:21
	src/cmd-utils/slp_query/Makefile.in:21
	src/cmd-utils/slp_srvreg/Makefile.in:22
	src/kernel/Makefile.in:21
	src/port/Makefile.in:21
	src/port/aix5/Makefile.in:21
autoscan: warning: missing AC_PROG_GCC_TRADITIONAL wanted by: 
	src/cmd-utils/slp_client/slp_client.c:673
	src/kernel/lslp-aix.c:339
	src/kernel/lslp-aix.c:349
	src/kernel/lslp-aix.c:354
	src/kernel/lslp-linux.c:338
	src/kernel/lslp-linux.c:348
	src/kernel/lslp-linux.c:353
autoscan: warning: missing AC_PROG_INSTALL wanted by: 
	Makefile.in:100
	src/Makefile.in:103
	src/cmd-utils/Makefile.in:103
	src/cmd-utils/slp_attrreq/Makefile.in:103
	src/cmd-utils/slp_client/Makefile.in:103
	src/cmd-utils/slp_query/Makefile.in:103
	src/cmd-utils/slp_srvreg/Makefile.in:104
	src/kernel/Makefile.in:103
	src/port/Makefile.in:103
	src/port/aix5/Makefile.in:103
autoscan: warning: missing AC_STRUCT_TM wanted by: 
	src/kernel/lslp-kernel.c:3906
	src/kernel/lslp-kernel.c:3912
	src/kernel/lslp-kernel.c:3913
autoscan: warning: missing AC_TYPE_INT16_T wanted by: 
	src/kernel/l_opaque.c:38
autoscan: warning: missing AC_TYPE_INT32_T wanted by: 
	src/kernel/l_opaque.c:40
autoscan: warning: missing AC_TYPE_INT8_T wanted by: 
	src/kernel/l_opaque.c:36
autoscan: warning: missing AC_TYPE_PID_T wanted by: 
	src/cmd-utils/slp_srvreg/slp_srvreg.c:59
autoscan: warning: missing AC_TYPE_SIGNAL wanted by: 
	src/cmd-utils/lslp-linux.c:149
	src/kernel/lslp-aix.c:215
	src/kernel/lslp-aix.c:245
	src/kernel/lslp-aix.c:246
	src/kernel/lslp-aix.c:247
	src/kernel/lslp-aix.c:248
	src/kernel/lslp-linux.c:216
	src/kernel/lslp-linux.c:246
	src/kernel/lslp-linux.c:247
	src/kernel/lslp-linux.c:248
	src/kernel/lslp-linux.c:249
	src/port/aix5/lslp-aix.c:150
autoscan: warning: missing AC_TYPE_SIZE_T wanted by: 
	src/cmd-utils/lslp-linux.h:167
	src/cmd-utils/lslp-linux.h:171
	src/cmd-utils/slp_client/slp_client.c:389
	src/cmd-utils/slp_client/slp_client.c:416
	src/cmd-utils/slp_client/slp_client.c:535
	src/cmd-utils/slp_client/slp_client.c:858
	src/cmd-utils/slp_client/slp_client.c:861
	src/cmd-utils/slp_client/slp_client.c:909
	src/cmd-utils/slp_client/slp_client.c:912
	src/cmd-utils/slp_client/slp_client.h:791
	src/cmd-utils/slp_client/slp_client.h:802
	src/kernel/lslp-kernel.c:328
	src/kernel/lslp-kernel.c:373
	src/kernel/lslp-kernel.c:618
	src/kernel/lslp-kernel.c:621
	src/kernel/lslp-kernel.c:680
	src/kernel/lslp-kernel.c:683
	src/kernel/lslp-kernel.h:366
	src/kernel/lslp-kernel.h:367
	src/kernel/lslp-msg.c:1578
	src/kernel/lslp-windows.h:81
	src/kernel/url.tab.c:419
	src/kernel/vsubcall.h:62
	src/kernel/vsubcall.h:63
	src/kernel/vsubcall.h:63
	src/kernel/vsubcall.h:64
	src/kernel/vsubcall.h:74
	src/kernel/vsubcall.h:75
	src/kernel/vsubcall.h:75
	src/kernel/vsubcall.h:76
	src/kernel/vsubcall.h:105
	src/kernel/vsubcall.h:106
	src/kernel/vsubcall.h:106
	src/kernel/vsubcall.h:107
	src/kernel/vsubcall.h:115
	src/kernel/vsubcall.h:116
	src/kernel/vsubcall.h:116
	src/kernel/vsubcall.h:117
	src/kernel/l_opaque.c:245
	src/kernel/l_opaque.c:246
	src/kernel/l_opaque.c:353
	src/kernel/l_opaque.c:553
	src/port/aix5/as400_protos.h:151
	src/port/aix5/as400_protos.h:156
	src/port/aix5/as400_protos.h:163
	src/port/aix5/as400_protos.h:169
	src/port/aix5/as400_protos.h:249
	src/port/aix5/as400_protos.h:253
	src/port/aix5/lslp-aix.h:172
	src/port/aix5/lslp-aix.h:176
autoscan: warning: missing AC_TYPE_UINT16_T wanted by: 
	src/kernel/l_opaque.c:39
autoscan: warning: missing AC_TYPE_UINT32_T wanted by: 
	src/kernel/l_opaque.c:41
autoscan: warning: missing AC_TYPE_UINT8_T wanted by: 
	src/kernel/l_opaque.c:37
